CRITICAL - 2021-01-12 00:17:11 --> php_network_getaddresses: getaddrinfo failed: No such host is known. 
#0 C:\xampp\htdocs\doofree365\system\Database\BaseConnection.php(377): CodeIgniter\Database\MySQLi\Connection->connect(false)
#1 C:\xampp\htdocs\doofree365\system\Database\BaseConnection.php(643): CodeIgniter\Database\BaseConnection->initialize()
#2 C:\xampp\htdocs\doofree365\app\Models\Video_Model.php(157): CodeIgniter\Database\BaseConnection->query('SELECT\r\n       ...')
#3 C:\xampp\htdocs\doofree365\app\Controllers\Home.php(39): App\Models\Video_Model->get_list_video(1, '', 1)
#4 C:\xampp\htdocs\doofree365\system\CodeIgniter.php(910): App\Controllers\Home->index()
#5 C:\xampp\htdocs\doofree365\system\CodeIgniter.php(398): CodeIgniter\CodeIgniter->runController(Object(App\Controllers\Home))
#6 C:\xampp\htdocs\doofree365\system\CodeIgniter.php(306): CodeIgniter\CodeIgniter->handleRequest(NULL, Object(Config\Cache), false)
#7 C:\xampp\htdocs\doofree365\index.php(45): CodeIgniter\CodeIgniter->run()
#8 {main}
CRITICAL - 2021-01-12 00:17:14 --> php_network_getaddresses: getaddrinfo failed: No such host is known. 
#0 C:\xampp\htdocs\doofree365\system\Database\BaseConnection.php(377): CodeIgniter\Database\MySQLi\Connection->connect(false)
#1 C:\xampp\htdocs\doofree365\system\Database\BaseConnection.php(643): CodeIgniter\Database\BaseConnection->initialize()
#2 C:\xampp\htdocs\doofree365\app\Models\Video_Model.php(157): CodeIgniter\Database\BaseConnection->query('SELECT\r\n       ...')
#3 C:\xampp\htdocs\doofree365\app\Controllers\Home.php(39): App\Models\Video_Model->get_list_video(1, '', 1)
#4 C:\xampp\htdocs\doofree365\system\CodeIgniter.php(910): App\Controllers\Home->index()
#5 C:\xampp\htdocs\doofree365\system\CodeIgniter.php(398): CodeIgniter\CodeIgniter->runController(Object(App\Controllers\Home))
#6 C:\xampp\htdocs\doofree365\system\CodeIgniter.php(306): CodeIgniter\CodeIgniter->handleRequest(NULL, Object(Config\Cache), false)
#7 C:\xampp\htdocs\doofree365\index.php(45): CodeIgniter\CodeIgniter->run()
#8 {main}
